                                                                                                                        
>>>>>>>>>>>>>>>>>>>>>>>>>>>>>>>>>>>>>>>>>>>>>>>>>>>>>>>>>>>>>>>>>>>>>>>>>>>>>>>>>>>>>>>>>>>>>>>>>>>>>>>>>>>>>>>>>>>>>>>>
2023-09-04 16:19:12,133 - INFO - START correlation_heatmap =============================================
2023-09-04 16:19:12,133 - INFO - START correlation_heatmap Start Time = 2023-09-04 16:19:12
2023-09-04 16:19:12,134 - INFO - correlation_heatmap Step 0 - Initialize the configuration file parser
2023-09-04 16:19:12,174 - INFO - Imported existing <module 'comtypes.gen' from 'C:\\Users\\josep\\anaconda3\\lib\\site-packages\\comtypes\\gen\\__init__.py'>
2023-09-04 16:19:12,174 - INFO - Using writeable comtypes cache directory: 'C:\Users\josep\anaconda3\lib\site-packages\comtypes\gen'
2023-09-04 16:19:39,888 - INFO - correlation_heatmap - Step 1 - Load ANY data set for which to run discovery or data profiling
2023-09-04 16:19:39,902 - INFO - correlation_heatmap - Step 1 - Loaded data set titanic_data that contains 1310 rows and 14 columns.
2023-09-04 16:19:40,295 - INFO - PERFORMANCE correlation_heatmap The total process duration was:28.16
2023-09-04 16:19:40,295 - INFO - PERFORMANCE correlation_heatmap Stop Time = 2023-09-04 16:19:40
2023-09-04 16:19:40,295 - INFO - PERFORMANCE correlation_heatmap Low process duration less than 3 minutes:28.16
2023-09-04 16:19:40,295 - INFO - PERFORMANCE correlation_heatmap Performance optimization is optional
2023-09-04 16:19:40,295 - INFO - END correlation_heatmap =============================================

<<<<<<<<<<<<<<<<<<<<<<<<<<<<<<<<<<<<<<<<<<<<<<<<<<<<<<<<<<<<<<<<<<<<<<<<<<<<<<<<<<<<<<<<<<<<<<<<<<<<<<<<<<<<<<<<<<<<<<<<
                                                                                                                        
                                                                                                                        
>>>>>>>>>>>>>>>>>>>>>>>>>>>>>>>>>>>>>>>>>>>>>>>>>>>>>>>>>>>>>>>>>>>>>>>>>>>>>>>>>>>>>>>>>>>>>>>>>>>>>>>>>>>>>>>>>>>>>>>>
2023-09-04 23:17:55,471 - INFO - START correlation_heatmap =============================================
2023-09-04 23:17:55,471 - INFO - START correlation_heatmap Start Time = 2023-09-04 23:17:55
2023-09-04 23:17:55,471 - INFO - correlation_heatmap Step 0 - Initialize the configuration file parser
2023-09-04 23:17:55,512 - INFO - Imported existing <module 'comtypes.gen' from 'C:\\Users\\josep\\anaconda3\\lib\\site-packages\\comtypes\\gen\\__init__.py'>
2023-09-04 23:17:55,512 - INFO - Using writeable comtypes cache directory: 'C:\Users\josep\anaconda3\lib\site-packages\comtypes\gen'
2023-09-04 23:18:23,114 - INFO - correlation_heatmap - Step 1 - Load ANY data set for which to run discovery or data profiling
2023-09-04 23:18:23,122 - INFO - correlation_heatmap - Step 1 - Loaded data set titanic_data that contains 1310 rows and 14 columns.
2023-09-04 23:18:23,489 - INFO - PERFORMANCE correlation_heatmap The total process duration was:28.02
2023-09-04 23:18:23,489 - INFO - PERFORMANCE correlation_heatmap Stop Time = 2023-09-04 23:18:23
2023-09-04 23:18:23,489 - INFO - PERFORMANCE correlation_heatmap Low process duration less than 3 minutes:28.02
2023-09-04 23:18:23,489 - INFO - PERFORMANCE correlation_heatmap Performance optimization is optional
2023-09-04 23:18:23,489 - INFO - END correlation_heatmap =============================================

<<<<<<<<<<<<<<<<<<<<<<<<<<<<<<<<<<<<<<<<<<<<<<<<<<<<<<<<<<<<<<<<<<<<<<<<<<<<<<<<<<<<<<<<<<<<<<<<<<<<<<<<<<<<<<<<<<<<<<<<
                                                                                                                        
                                                                                                                        
>>>>>>>>>>>>>>>>>>>>>>>>>>>>>>>>>>>>>>>>>>>>>>>>>>>>>>>>>>>>>>>>>>>>>>>>>>>>>>>>>>>>>>>>>>>>>>>>>>>>>>>>>>>>>>>>>>>>>>>>
2024-04-22 23:04:35,415 - INFO - START correlation_heatmap =============================================
2024-04-22 23:04:35,415 - INFO - START correlation_heatmap Start Time = 2024-04-22 23:04:35
2024-04-22 23:04:35,415 - INFO - correlation_heatmap Step 0 - Initialize the configuration file parser
2024-04-22 23:04:35,457 - INFO - Imported existing <module 'comtypes.gen' from 'C:\\Users\\josep\\anaconda3\\lib\\site-packages\\comtypes\\gen\\__init__.py'>
2024-04-22 23:04:35,457 - INFO - Using writeable comtypes cache directory: 'C:\Users\josep\anaconda3\lib\site-packages\comtypes\gen'
2024-04-22 23:05:02,999 - INFO - correlation_heatmap - Step 1 - Load ANY data set for which to run discovery or data profiling
2024-04-22 23:05:03,013 - INFO - correlation_heatmap - Step 1 - Loaded data set titanic_data that contains 1310 rows and 14 columns.
2024-04-22 23:05:03,387 - INFO - PERFORMANCE correlation_heatmap The total process duration was:27.97
2024-04-22 23:05:03,387 - INFO - PERFORMANCE correlation_heatmap Stop Time = 2024-04-22 23:05:03
2024-04-22 23:05:03,387 - INFO - PERFORMANCE correlation_heatmap Low process duration less than 3 minutes:27.97
2024-04-22 23:05:03,387 - INFO - PERFORMANCE correlation_heatmap Performance optimization is optional
2024-04-22 23:05:03,387 - INFO - END correlation_heatmap =============================================

<<<<<<<<<<<<<<<<<<<<<<<<<<<<<<<<<<<<<<<<<<<<<<<<<<<<<<<<<<<<<<<<<<<<<<<<<<<<<<<<<<<<<<<<<<<<<<<<<<<<<<<<<<<<<<<<<<<<<<<<
                                                                                                                        
                                                                                                                        
>>>>>>>>>>>>>>>>>>>>>>>>>>>>>>>>>>>>>>>>>>>>>>>>>>>>>>>>>>>>>>>>>>>>>>>>>>>>>>>>>>>>>>>>>>>>>>>>>>>>>>>>>>>>>>>>>>>>>>>>
2024-10-09 20:55:54,829 - INFO - START correlation_heatmap =============================================
2024-10-09 20:55:54,829 - INFO - START correlation_heatmap Start Time = 2024-10-09 20:55:54
2024-10-09 20:55:54,829 - INFO - correlation_heatmap Step 0 - Initialize the configuration file parser
2024-10-09 20:55:54,913 - INFO - correlation_heatmap - Step 1 - Load ANY data set for which to run discovery or data profiling
2024-10-09 20:55:54,931 - INFO - correlation_heatmap - Step 1 - Loaded data set titanic_data that contains 1310 rows and 14 columns.
2024-10-09 20:55:55,336 - INFO - PERFORMANCE correlation_heatmap The total process duration was:0.51
2024-10-09 20:55:55,336 - INFO - PERFORMANCE correlation_heatmap Stop Time = 2024-10-09 20:55:55
2024-10-09 20:55:55,336 - INFO - PERFORMANCE correlation_heatmap Short process duration less than 3 Seconds:0.51
2024-10-09 20:55:55,336 - INFO - PERFORMANCE correlation_heatmap Performance optimization is not reccomended
2024-10-09 20:55:55,336 - INFO - END correlation_heatmap =============================================

<<<<<<<<<<<<<<<<<<<<<<<<<<<<<<<<<<<<<<<<<<<<<<<<<<<<<<<<<<<<<<<<<<<<<<<<<<<<<<<<<<<<<<<<<<<<<<<<<<<<<<<<<<<<<<<<<<<<<<<<
                                                                                                                        
                                                                                                                        
>>>>>>>>>>>>>>>>>>>>>>>>>>>>>>>>>>>>>>>>>>>>>>>>>>>>>>>>>>>>>>>>>>>>>>>>>>>>>>>>>>>>>>>>>>>>>>>>>>>>>>>>>>>>>>>>>>>>>>>>
2024-10-09 21:27:13,989 - INFO - START correlation_heatmap =============================================
2024-10-09 21:27:13,989 - INFO - START correlation_heatmap Start Time = 2024-10-09 21:27:13
2024-10-09 21:27:13,989 - INFO - correlation_heatmap Step 0 - Initialize the configuration file parser
2024-10-09 21:27:14,043 - INFO - correlation_heatmap - Step 1 - Load ANY data set for which to run discovery or data profiling
2024-10-09 21:27:14,054 - INFO - correlation_heatmap - Step 1 - Loaded data set titanic_data that contains 1310 rows and 14 columns.
2024-10-09 21:27:14,444 - INFO - PERFORMANCE correlation_heatmap The total process duration was:0.46
2024-10-09 21:27:14,444 - INFO - PERFORMANCE correlation_heatmap Stop Time = 2024-10-09 21:27:14
2024-10-09 21:27:14,444 - INFO - PERFORMANCE correlation_heatmap Short process duration less than 3 Seconds:0.46
2024-10-09 21:27:14,444 - INFO - PERFORMANCE correlation_heatmap Performance optimization is not reccomended
2024-10-09 21:27:14,444 - INFO - END correlation_heatmap =============================================

<<<<<<<<<<<<<<<<<<<<<<<<<<<<<<<<<<<<<<<<<<<<<<<<<<<<<<<<<<<<<<<<<<<<<<<<<<<<<<<<<<<<<<<<<<<<<<<<<<<<<<<<<<<<<<<<<<<<<<<<
                                                                                                                        
                                                                                                                        
>>>>>>>>>>>>>>>>>>>>>>>>>>>>>>>>>>>>>>>>>>>>>>>>>>>>>>>>>>>>>>>>>>>>>>>>>>>>>>>>>>>>>>>>>>>>>>>>>>>>>>>>>>>>>>>>>>>>>>>>
2024-10-09 21:54:27,807 - INFO - START correlation_heatmap =============================================
2024-10-09 21:54:27,807 - INFO - START correlation_heatmap Start Time = 2024-10-09 21:54:27
2024-10-09 21:54:27,807 - INFO - correlation_heatmap Step 0 - Initialize the configuration file parser
2024-10-09 21:54:27,864 - INFO - correlation_heatmap - Step 1 - Load ANY data set for which to run discovery or data profiling
2024-10-09 21:54:27,874 - INFO - correlation_heatmap - Step 1 - Loaded data set titanic_data that contains 1310 rows and 14 columns.
2024-10-09 21:54:28,233 - INFO - PERFORMANCE correlation_heatmap The total process duration was:0.43
2024-10-09 21:54:28,233 - INFO - PERFORMANCE correlation_heatmap Stop Time = 2024-10-09 21:54:28
2024-10-09 21:54:28,233 - INFO - PERFORMANCE correlation_heatmap Short process duration less than 3 Seconds:0.43
2024-10-09 21:54:28,233 - INFO - PERFORMANCE correlation_heatmap Performance optimization is not reccomended
2024-10-09 21:54:28,233 - INFO - END correlation_heatmap =============================================

<<<<<<<<<<<<<<<<<<<<<<<<<<<<<<<<<<<<<<<<<<<<<<<<<<<<<<<<<<<<<<<<<<<<<<<<<<<<<<<<<<<<<<<<<<<<<<<<<<<<<<<<<<<<<<<<<<<<<<<<
                                                                                                                        
                                                                                                                        
>>>>>>>>>>>>>>>>>>>>>>>>>>>>>>>>>>>>>>>>>>>>>>>>>>>>>>>>>>>>>>>>>>>>>>>>>>>>>>>>>>>>>>>>>>>>>>>>>>>>>>>>>>>>>>>>>>>>>>>>
2024-10-09 22:07:30,638 - INFO - START correlation_heatmap =============================================
2024-10-09 22:07:30,638 - INFO - START correlation_heatmap Start Time = 2024-10-09 22:07:30
2024-10-09 22:07:30,638 - INFO - correlation_heatmap Step 0 - Initialize the configuration file parser
2024-10-09 22:07:30,691 - INFO - correlation_heatmap - Step 1 - Load ANY data set for which to run discovery or data profiling
2024-10-09 22:07:30,700 - INFO - correlation_heatmap - Step 1 - Loaded data set titanic_data that contains 1310 rows and 14 columns.
2024-10-09 22:07:31,107 - INFO - PERFORMANCE correlation_heatmap The total process duration was:0.47
2024-10-09 22:07:31,107 - INFO - PERFORMANCE correlation_heatmap Stop Time = 2024-10-09 22:07:31
2024-10-09 22:07:31,107 - INFO - PERFORMANCE correlation_heatmap Short process duration less than 3 Seconds:0.47
2024-10-09 22:07:31,107 - INFO - PERFORMANCE correlation_heatmap Performance optimization is not reccomended
2024-10-09 22:07:31,107 - INFO - END correlation_heatmap =============================================

<<<<<<<<<<<<<<<<<<<<<<<<<<<<<<<<<<<<<<<<<<<<<<<<<<<<<<<<<<<<<<<<<<<<<<<<<<<<<<<<<<<<<<<<<<<<<<<<<<<<<<<<<<<<<<<<<<<<<<<<
                                                                                                                        
